        -:    0:Source:src/compile/c_gen.h
        -:    1:#pragma once
        -:    2:
        -:    3:#include "compile/compile_common.h"
        -:    4:#include "compile/native_var_scope.h"
        -:    5:#include "fakelua.h"
        -:    6:#include <sstream>
        -:    7:#include <string>
        -:    8:#include <unordered_map>
        -:    9:#include <vector>
        -:   10:
        -:   11:namespace fakelua {
        -:   12:
        -:   13:class State;
        -:   14:
        -:   15:// CGen —— 编译单元级别的 C 代码编排与函数体/表达式代码生成器。
        -:   16:class CGen {
        -:   17:public:
        -:   18:    explicit CGen(State *s);
        -:   19:
        -:   20:    ~CGen() = default;
        -:   21:
        -:   22:    GenResult Generate(const ParseResult &pr, const InferResult &ir, const CompileConfig &cfg);
        -:   23:
        -:   24:private:
        -:   25:    GenResult Build(const ParseResult &pr, const InferResult &ir, const CompileConfig &cfg);
        -:   26:
        -:   27:    [[noreturn]] void ThrowError(const std::string &msg, const SyntaxTreeInterfacePtr &ptr);
        -:   28:
        -:   29:    void GenerateHeader();
        -:   30:
        -:   31:    void GenerateGlobal(const SyntaxTreeInterfacePtr &chunk);
        -:   32:
        -:   33:    void GenerateDecls(const SyntaxTreeInterfacePtr &chunk, GenResult &gr);
        -:   34:
        -:   35:    std::string CompileFuncName(const SyntaxTreeInterfacePtr &ptr);
        -:   36:
        -:   37:    std::vector<std::string> CompileParList(const SyntaxTreeInterfacePtr &parlist);
        -:   38:
        -:   39:    void GenerateImpl(const SyntaxTreeInterfacePtr &chunk, GenResult &gr);
        -:   40:
        -:   41:    void CompileFuncBody(const std::string &func_name,
        -:   42:                         const std::vector<std::string> &func_params,
        -:   43:                         const SyntaxTreeInterfacePtr &func_block,
        -:   44:                         int spec_bitmask,
        -:   45:                         std::ostream &out);
        -:   46:
        -:   47:    void GenerateEntryDispatcher(const std::string &func_name,
        -:   48:                                 const std::vector<std::string> &func_params,
        -:   49:                                 const std::vector<int> &math_param_indices);
        -:   50:
        -:   51:    [[nodiscard]] static bool BlockEndsWithReturn(const SyntaxTreeInterfacePtr &block);
        -:   52:
        -:   53:    [[nodiscard]] std::string CompileExp(const SyntaxTreeInterfacePtr &exp);
        -:   54:    [[nodiscard]] InferredType GetSpecReturnType(const std::string &func_name, int bitmask) const;
        -:   55:
        -:   56:    void CompileStmtBlock(const SyntaxTreeInterfacePtr &block);
        -:   57:    void CompileStmt(const SyntaxTreeInterfacePtr &stmt);
        -:   58:    void CompileStmtReturn(const SyntaxTreeInterfacePtr &stmt);
        -:   59:    void CompileStmtLocalVar(const SyntaxTreeInterfacePtr &stmt);
        -:   60:    void CompileStmtAssign(const SyntaxTreeInterfacePtr &stmt);
        -:   61:    void CompileStmtFunctioncall(const SyntaxTreeInterfacePtr &stmt);
        -:   62:    void CompileStmtWhile(const SyntaxTreeInterfacePtr &stmt);
        -:   63:    void CompileStmtRepeat(const SyntaxTreeInterfacePtr &stmt);
        -:   64:    void CompileStmtIf(const SyntaxTreeInterfacePtr &stmt);
        -:   65:    void CompileStmtBreak(const SyntaxTreeInterfacePtr &stmt);
        -:   66:    void CompileStmtForLoop(const SyntaxTreeInterfacePtr &stmt);
        -:   67:    void CompileTypedIntForLoop(const std::shared_ptr<SyntaxTreeForLoop> &for_stmt);
        -:   68:    void CompileTypedFloatForLoop(const std::shared_ptr<SyntaxTreeForLoop> &for_stmt);
        -:   69:    void CompileDynamicForLoop(const std::shared_ptr<SyntaxTreeForLoop> &for_stmt);
        -:   70:    void CompileStmtForIn(const SyntaxTreeInterfacePtr &stmt);
        -:   71:    void CompileScopedBlock(const SyntaxTreeInterfacePtr &block);
        -:   72:    std::string CompileCondBoolExpr(const SyntaxTreeInterfacePtr &exp, const std::string &tmp_prefix);
        -:   73:
        -:   74:    std::string CompilePrefixexp(const SyntaxTreeInterfacePtr &pe);
        -:   75:    std::string CompileVar(const SyntaxTreeInterfacePtr &v);
        -:   76:    std::string CompileFunctioncall(const SyntaxTreeInterfacePtr &functioncall);
        -:   77:    std::string CompileTableconstructor(const SyntaxTreeInterfacePtr &tc);
        -:   78:    std::string CompileBinop(const SyntaxTreeInterfacePtr &left,
        -:   79:                             const SyntaxTreeInterfacePtr &right,
        -:   80:                             const SyntaxTreeInterfacePtr &op);
        -:   81:    std::string CompileUnop(const SyntaxTreeInterfacePtr &right,
        -:   82:                            const SyntaxTreeInterfacePtr &op);
        -:   83:
        -:   84:    std::string CompileNumericExp(const SyntaxTreeInterfacePtr &exp);
        -:   85:    std::string TryCompileNativeExpr(const SyntaxTreeInterfacePtr &exp);
        -:   86:    std::string TryCompileNativeBoolExpr(const SyntaxTreeInterfacePtr &exp);
        -:   87:    std::string TryCompileNativeSpecCallExpr(const SyntaxTreeInterfacePtr &functioncall_node);
        -:   88:
        -:   89:    [[nodiscard]] InferredType InferExpType(const SyntaxTreeInterfacePtr &exp) const;
        -:   90:    [[nodiscard]] InferredType InferArgTypeForSpec(const SyntaxTreeInterfacePtr &exp) const;
        -:   91:    [[nodiscard]] bool TryInferMathCallBitmask(const std::string &callee_name,
        -:   92:                                               const std::vector<SyntaxTreeInterfacePtr> &raw_args,
        -:   93:                                               int &bitmask) const;
        -:   94:    [[nodiscard]] bool TryInferMathCallSpec(const std::string &callee_name,
        -:   95:                                            const std::vector<SyntaxTreeInterfacePtr> &raw_args,
        -:   96:                                            int &bitmask,
        -:   97:                                            InferredType &spec_ret) const;
        -:   98:    [[nodiscard]] InferredType LookupNodeType(SyntaxTreeInterface *node) const;
        -:   99:
    3207*:  100:    void EnterNativeVarScope() { native_var_scope_.Enter(); }
call    0 returned 100%
branch  1 taken 100% (fallthrough)
branch  2 taken 0% (throw)
call    3 returned 100%
branch  4 taken 100% (fallthrough)
branch  5 taken 0% (throw)
call    6 returned 100%
branch  7 taken 100% (fallthrough)
branch  8 taken 0% (throw)
call    9 returned 100%
call   10 never executed
branch 11 never executed (fallthrough)
branch 12 never executed (throw)
call   13 never executed
branch 14 never executed (fallthrough)
branch 15 never executed (throw)
call   16 never executed
branch 17 never executed (fallthrough)
branch 18 never executed (throw)
call   19 never executed
call   20 returned 100%
branch 21 taken 100% (fallthrough)
branch 22 taken 0% (throw)
call   23 returned 100%
branch 24 taken 100% (fallthrough)
branch 25 taken 0% (throw)
call   26 returned 100%
branch 27 taken 100% (fallthrough)
branch 28 taken 0% (throw)
call   29 returned 100%
call   30 returned 100%
branch 31 taken 100% (fallthrough)
branch 32 taken 0% (throw)
call   33 returned 100%
branch 34 taken 100% (fallthrough)
branch 35 taken 0% (throw)
call   36 returned 100%
branch 37 taken 100% (fallthrough)
branch 38 taken 0% (throw)
call   39 returned 100%
call   40 returned 100%
branch 41 taken 100% (fallthrough)
branch 42 taken 0% (throw)
call   43 returned 100%
call   44 returned 100%
call   45 returned 100%
call   46 returned 100%
    5606*:  101:    void ExitNativeVarScope() { native_var_scope_.Exit(); }
branch  0 taken 100% (fallthrough)
branch  1 taken 0%
call    2 returned 100%
branch  3 taken 100% (fallthrough)
branch  4 taken 0% (throw)
branch  5 taken 100% (fallthrough)
branch  6 taken 0%
call    7 returned 100%
branch  8 taken 100% (fallthrough)
branch  9 taken 0% (throw)
branch 10 never executed (fallthrough)
branch 11 never executed
call   12 never executed
branch 13 never executed (fallthrough)
branch 14 never executed (throw)
branch 15 never executed (fallthrough)
branch 16 never executed
call   17 never executed
branch 18 never executed (fallthrough)
branch 19 never executed (throw)
branch 20 taken 100% (fallthrough)
branch 21 taken 0%
call   22 returned 100%
branch 23 taken 100% (fallthrough)
branch 24 taken 0% (throw)
branch 25 taken 100% (fallthrough)
branch 26 taken 0%
call   27 returned 100%
branch 28 taken 100% (fallthrough)
branch 29 taken 0% (throw)
branch 30 taken 100% (fallthrough)
branch 31 taken 0%
call   32 returned 100%
branch 33 taken 100% (fallthrough)
branch 34 taken 0% (throw)
branch 35 taken 100% (fallthrough)
branch 36 taken 0%
call   37 returned 100%
branch 38 taken 100% (fallthrough)
branch 39 taken 0% (throw)
branch 40 taken 100% (fallthrough)
branch 41 taken 0%
call   42 returned 100%
branch 43 taken 100% (fallthrough)
branch 44 taken 0% (throw)
branch 45 taken 100% (fallthrough)
branch 46 taken 0%
branch 47 taken 100% (fallthrough)
branch 48 taken 0%
call   49 returned 100%
    3937*:  102:    void DeclareNativeVar(const std::string &name, InferredType native_type) {
    3937*:  103:        native_var_scope_.Declare(name, native_type);
call    0 returned 100%
branch  1 taken 100% (fallthrough)
branch  2 taken 0% (throw)
call    3 returned 100%
branch  4 taken 100% (fallthrough)
branch  5 taken 0% (throw)
call    6 never executed
branch  7 never executed (fallthrough)
branch  8 never executed (throw)
call    9 returned 100%
branch 10 taken 100% (fallthrough)
branch 11 taken 0% (throw)
call   12 returned 100%
branch 13 taken 100% (fallthrough)
branch 14 taken 0% (throw)
call   15 returned 100%
branch 16 taken 100% (fallthrough)
branch 17 taken 0% (throw)
call   18 returned 100%
branch 19 taken 100% (fallthrough)
branch 20 taken 0% (throw)
call   21 returned 100%
branch 22 taken 100% (fallthrough)
branch 23 taken 0% (throw)
call   24 returned 100%
branch 25 taken 100% (fallthrough)
branch 26 taken 0% (throw)
call   27 never executed
branch 28 never executed (fallthrough)
branch 29 never executed (throw)
call   30 returned 100%
branch 31 taken 100% (fallthrough)
branch 32 taken 0% (throw)
call   33 never executed
branch 34 never executed (fallthrough)
branch 35 never executed (throw)
call   36 returned 100%
    1638*:  104:    }
    3306*:  105:    [[nodiscard]] bool IsTypedNativeVar(const std::string &name) const { return native_var_scope_.IsTyped(name); }
call    0 returned 100%
call    1 returned 100%
call    2 returned 100%
call    3 returned 100%
call    4 never executed
     2476:  106:    [[nodiscard]] InferredType GetNativeVarType(const std::string &name) const { return native_var_scope_.GetType(name); }
call    0 returned 100%
call    1 returned 100%
call    2 returned 100%
        -:  107:
        -:  108:    [[nodiscard]] std::string GenTab() const;
        -:  109:
        -:  110:private:
        -:  111:    State *s_;
        -:  112:    std::string file_name_;
        -:  113:
        -:  114:    std::stringstream headers_;
        -:  115:    std::stringstream globals_;
        -:  116:    std::stringstream decls_;
        -:  117:    std::stringstream impls_;
        -:  118:
        -:  119:    bool in_global_init_ = false;
        -:  120:    std::unordered_map<std::string, InferredType> global_const_vars_;
        -:  121:    int tmp_var_counter_ = 0;
        -:  122:
        -:  123:    std::unordered_map<std::string, int> local_func_names_;
        -:  124:
        -:  125:    std::ostream *cur_output_ = nullptr;
        -:  126:
        -:  127:    std::unordered_map<std::string, std::vector<int>> math_param_positions_;
        -:  128:    std::unordered_map<std::string, std::vector<EvalTypeSnapshot>> specialization_snapshots_;
        -:  129:    std::unordered_map<std::string, std::vector<InferredType>> specialization_return_types_;
        -:  130:    EvalTypeSnapshot main_eval_types_;
        -:  131:
        -:  132:    NativeVarScope native_var_scope_;
        -:  133:    std::unordered_map<std::string, InferredType> spec_param_types_;
        -:  134:    std::string cur_spec_func_name_;
        -:  135:    int cur_spec_bitmask_ = -1;
        -:  136:    const EvalTypeSnapshot *cur_spec_snapshot_ = nullptr;
        -:  137:
        -:  138:    std::stringstream func_temp_decls_;
        -:  139:    std::stringstream body_ss_;
        -:  140:    int cur_tab_ = 0;
        -:  141:};
        -:  142:
        -:  143:}// namespace fakelua
